<?xml version="1.0" encoding="UTF-8"?>
<!-- Generated by org.testng.reporters.JUnitReportReporter -->
<testsuite hostname="CTY-0424-013" failures="0" tests="2" name="tests.SearchTest" time="21.833" errors="0" timestamp="2024-10-09T09:29:15 IST" skipped="0">
  <testcase classname="tests.SearchTest" name="test1" time="12.168"/>
  <system-out/>
  <testcase classname="tests.SearchTest" name="test2" time="9.665"/>
  <system-out/>
</testsuite> <!-- tests.SearchTest -->
